<?xml version="1.0" encoding="UTF-8"?>
<testsuite xmlns:xsi="http://www.w3.org/2001/XMLSchema-instance" xsi:noNamespaceSchemaLocation="https://maven.apache.org/surefire/maven-surefire-plugin/xsd/surefire-test-report-3.0.xsd" version="3.0" name="com.example.Ejercicio2Test" time="0.121" tests="10" errors="0" skipped="0" failures="0">
  <properties>
[...]
</properties>
  <testcase name="transicionEnUsoDisponible" classname="com.example.Ejercicio2Test" time="0.059"/>
  <testcase name="transicionInvalidaEnUsoBaja" classname="com.example.Ejercicio2Test" time="0.002"/>
  <testcase name="transicionDisponibleMantenimiento" classname="com.example.Ejercicio2Test" time="0.002"/>
  <testcase name="bugKm500Rechazado" classname="com.example.Ejercicio2Test" time="0.002"/>
  <testcase name="asignarCuandoNoDisponible" classname="com.example.Ejercicio2Test" time="0.001"/>
  <testcase name="transicionDisponibleEnUso" classname="com.example.Ejercicio2Test" time="0.003"/>
  <testcase name="transicionDisponibleBaja" classname="com.example.Ejercicio2Test" time="0.002"/>
  <testcase name="transicionInvalidaEnUsoMantenimiento" classname="com.example.Ejercicio2Test" time="0.002"/>
  <testcase name="liberarCuandoNoEnUso" classname="com.example.Ejercicio2Test" time="0.0"/>
  <testcase name="estadoInicial" classname="com.example.Ejercicio2Test" time="0.003"/>
</testsuite>